<?xml version="1.0" encoding="UTF-8"?>
<!-- Generated by org.testng.reporters.JUnitReportReporter -->
<testsuite hostname="kalyanis-MacBook-Pro.local" failures="0" tests="1" name="testScripts.PriceComparisionTest" time="29.245" errors="0" timestamp="2022-03-19T12:21:19 IST" skipped="0">
  <testcase classname="testScripts.PriceComparisionTest" name="secondTestCase" time="29.245"/>
  <system-out/>
</testsuite> <!-- testScripts.PriceComparisionTest -->
