<?xml version="1.0" encoding="UTF-8"?>
<!-- Generated by org.testng.reporters.JUnitReportReporter -->
<testsuite hostname="Chaya-TS-0025.local" failures="0" tests="1" name="testScripts.testScripts2" time="31.057" errors="0" timestamp="2022-03-19T09:38:36 IST" skipped="0">
  <testcase classname="testScripts.testScripts2" name="secondTestCase" time="31.057"/>
</testsuite> <!-- testScripts.testScripts2 -->
